<?xml version="1.0" encoding="UTF-8"?>
<testsuite name="TestPairs" tests="4" skipped="0" failures="0" errors="0" timestamp="2019-08-26T05:48:26" hostname="C02Y309QJG5J" time="0.002">
  <properties/>
  <testcase name="testOnePair" classname="TestPairs" time="0.001"/>
  <testcase name="testPairDisplacement" classname="TestPairs" time="0.0"/>
  <testcase name="testLastPair" classname="TestPairs" time="0.0"/>
  <testcase name="testStrongestPair" classname="TestPairs" time="0.0"/>
  <system-out><![CDATA[]]></system-out>
  <system-err><![CDATA[]]></system-err>
</testsuite>
