<?xml version="1.0" encoding="UTF-8"?>
<testsuite name="TestUtilityMethods" tests="3" skipped="0" failures="0" errors="0" timestamp="2019-08-28T01:01:11" hostname="C02Y309QJG5J" time="0.001">
  <properties/>
  <testcase name="testGetDice" classname="TestUtilityMethods" time="0.001"/>
  <testcase name="testContains" classname="TestUtilityMethods" time="0.0"/>
  <testcase name="testContainsReturnsFalse" classname="TestUtilityMethods" time="0.0"/>
  <system-out><![CDATA[]]></system-out>
  <system-err><![CDATA[]]></system-err>
</testsuite>
