<?xml version="1.0" encoding="UTF-8"?>
<testsuite name="TestYahtzee" tests="7" skipped="0" failures="0" errors="0" timestamp="2019-08-26T22:35:43" hostname="C02Y309QJG5J" time="0.001">
  <properties/>
  <testcase name="testScoreOnes" classname="TestYahtzee" time="0.0"/>
  <testcase name="testScoreTwos" classname="TestYahtzee" time="0.0"/>
  <testcase name="testScoreFives" classname="TestYahtzee" time="0.0"/>
  <testcase name="testScoreFours" classname="TestYahtzee" time="0.0"/>
  <testcase name="testScoreSixes" classname="TestYahtzee" time="0.0"/>
  <testcase name="testScoreThrees" classname="TestYahtzee" time="0.0"/>
  <testcase name="testChance" classname="TestYahtzee" time="0.0"/>
  <system-out><![CDATA[]]></system-out>
  <system-err><![CDATA[]]></system-err>
</testsuite>
